LSP Server started
Received: {"jsonrpc":"2.0","id":1,"method":"initialize","params":{"processId":105916,"clientInfo":{"name":"Sublime Text LSP","version":"2.7.0"},"rootUri":"file:///D:/workspace/go/src/longlang","rootPath":"D:\\workspace\\go\\src\\longlang","workspaceFolders":[{"name":"longlang","uri":"file:///D:/workspace/go/src/longlang"}],"capabilities":{"general":{"regularExpressions":{"engine":"ECMAScript"},"markdown":{"parser":"Python-Markdown","version":"3.2.2"}},"textDocument":{"synchronization":{"dynamicRegistration":true,"didSave":true,"willSave":true,"willSaveWaitUntil":true},"hover":{"dynamicRegistration":true,"contentFormat":["markdown","plaintext"]},"completion":{"dynamicRegistration":true,"completionItem":{"snippetSupport":true,"deprecatedSupport":true,"documentationFormat":["markdown","plaintext"],"tagSupport":{"valueSet":[1]},"resolveSupport":{"properties":["detail","documentation","additionalTextEdits"]},"insertReplaceSupport":true,"insertTextModeSupport":{"valueSet":[2]},"labelDetailsSupport":true},"completionItemKind":{"valueSet":[1,2,3,4,5,6,7,8,9,10,11,12,13,14,15,16,17,18,19,20,21,22,23,24,25]},"insertTextMode":2,"completionList":{"itemDefaults":["editRange","insertTextFormat","data"]}},"signatureHelp":{"dynamicRegistration":true,"contextSupport":true,"signatureInformation":{"activeParameterSupport":true,"documentationFormat":["markdown","plaintext"],"parameterInformation":{"labelOffsetSupport":true}}},"references":{"dynamicRegistration":true},"documentHighlight":{"dynamicRegistration":true},"documentSymbol":{"dynamicRegistration":true,"hierarchicalDocumentSymbolSupport":true,"symbolKind":{"valueSet":[1,2,3,4,5,6,7,8,9,10,11,12,13,14,15,16,17,18,19,20,21,22,23,24,25,26]},"tagSupport":{"valueSet":[1]}},"documentLink":{"dynamicRegistration":true,"tooltipSupport":true},"formatting":{"dynamicRegistration":true},"rangeFormatting":{"dynamicRegistration":true,"rangesSupport":true},"declaration":{"dynamicRegistration":true,"linkSupport":true},"definition":{"dynamicRegistration":true,"linkSupport":true},"typeDefinition":{"dynamicRegistration":true,"linkSupport":true},"implementation":{"dynamicRegistration":true,"linkSupport":true},"codeAction":{"dynamicRegistration":true,"codeActionLiteralSupport":{"codeActionKind":{"valueSet":["quickfix","refactor","refactor.extract","refactor.inline","refactor.rewrite","source.fixAll","source.organizeImports"]}},"dataSupport":true,"isPreferredSupport":true,"resolveSupport":{"properties":["edit"]}},"rename":{"dynamicRegistration":true,"prepareSupport":true,"prepareSupportDefaultBehavior":1},"colorProvider":{"dynamicRegistration":true},"publishDiagnostics":{"relatedInformation":true,"tagSupport":{"valueSet":[1,2]},"versionSupport":true,"codeDescriptionSupport":true,"dataSupport":true},"diagnostic":{"dynamicRegistration":true,"relatedDocumentSupport":true},"selectionRange":{"dynamicRegistration":true},"foldingRange":{"dynamicRegistration":true,"foldingRangeKind":{"valueSet":["comment","imports","region"]}},"codeLens":{"dynamicRegistration":true},"inlayHint":{"dynamicRegistration":true,"resolveSupport":{"properties":["textEdits","label.command"]}},"semanticTokens":{"dynamicRegistration":true,"requests":{"range":true,"full":{"delta":true}},"tokenTypes":["namespace","type","class","enum","interface","struct","typeParameter","parameter","variable","property","enumMember","event","function","method","macro","keyword","modifier","comment","string","number","regexp","operator","decorator","label"],"tokenModifiers":["declaration","definition","readonly","static","deprecated","abstract","async","modification","documentation","defaultLibrary"],"formats":["relative"],"overlappingTokenSupport":false,"multilineTokenSupport":true,"augmentsSyntaxTokens":true},"callHierarchy":{"dynamicRegistration":true},"typeHierarchy":{"dynamicRegistration":true}},"workspace":{"applyEdit":true,"didChangeConfiguration":{"dynamicRegistration":true},"executeCommand":{},"workspaceEdit":{"documentChanges":true,"failureHandling":"abort"},"workspaceFolders":true,"symbol":{"dynamicRegistration":true,"resolveSupport":{"properties":["location.range"]},"symbolKind":{"valueSet":[1,2,3,4,5,6,7,8,9,10,11,12,13,14,15,16,17,18,19,20,21,22,23,24,25,26]},"tagSupport":{"valueSet":[1]}},"configuration":true,"codeLens":{"refreshSupport":true},"inlayHint":{"refreshSupport":true},"semanticTokens":{"refreshSupport":true},"diagnostics":{"refreshSupport":true}},"window":{"showDocument":{"support":true},"showMessage":{"messageActionItem":{"additionalPropertiesSupport":true}},"workDoneProgress":true}},"initializationOptions":{}}}
Handling method: initialize
Initialize request from: file:///D:/workspace/go/src/longlang
Original RootURI: file:///D:/workspace/go/src/longlang
Converted workspace root: D:\workspace\go\src\longlang
Scanning project files in: D:\workspace\go\src\longlang
Project scan completed successfully
Sending: {"jsonrpc":"2.0","id":1,"result":{"capabilities":{"textDocumentSync":{"openClose":true,"change":1},"completionProvider":{"triggerCharacters":[".",":"]},"hoverProvider":true,"definitionProvider":true,"documentSymbolProvider":true},"serverInfo":{"name":"longlang-lsp","version":"0.1.0"}}}
Received: {"jsonrpc":"2.0","method":"initialized","params":{}}
Handling method: initialized
Client initialized
Received: {"jsonrpc":"2.0","method":"textDocument/didOpen","params":{"textDocument":{"uri":"file:///D:/workspace/go/src/longlang/project/src/Models/Product.long","languageId":"longlang","version":0,"text":"namespace App.Models\n\npublic class Product {\n    private id int\n    private name string\n    private price float\n    \n    public function __construct(id: int, name: string, price: float) {\n        this.id = id\n        this.name = name\n        this.price = price\n    }\n    \n    public function getId() int {\n        return this.id\n    }\n    \n    public function getName() string {\n        return this.name\n    }\n    \n    public function getPrice() float {\n        return this.price\n    }\n    \n    public static function setPrice() {\n\n    }\n}\n\n\n"}}}
Handling method: textDocument/didOpen
Document opened: file:///D:/workspace/go/src/longlang/project/src/Models/Product.long
Sending: {"jsonrpc":"2.0","method":"textDocument/publishDiagnostics","params":{"uri":"file:///D:/workspace/go/src/longlang/project/src/Models/Product.long","diagnostics":[]}}
Received: {"jsonrpc":"2.0","method":"textDocument/didChange","params":{"textDocument":{"uri":"file:///D:/workspace/go/src/longlang/project/src/Models/Product.long","version":1},"contentChanges":[{"text":"namespace App.Models\n\npublic class Product {\n    private id int\n    private name string\n    private price float\n    \n    public function __construct(id: int, name: string, price: float) {\n        this.id = id\n        this.name = name\n        this.price = price\n    }\n    \n    public function getId() int {\n        return this.id\n    }\n    \n    public function getName() string {\n        return this.name\n    }\n    \n    public  getPrice() float {\n        return this.price\n    }\n    \n    public static function setPrice() {\n\n    }\n}\n\n\n"}]}}
Handling method: textDocument/didChange
Document changed: file:///D:/workspace/go/src/longlang/project/src/Models/Product.long
Sending: {"jsonrpc":"2.0","method":"textDocument/publishDiagnostics","params":{"uri":"file:///D:/workspace/go/src/longlang/project/src/Models/Product.long","diagnostics":[]}}
Received: {"jsonrpc":"2.0","method":"textDocument/didChange","params":{"textDocument":{"uri":"file:///D:/workspace/go/src/longlang/project/src/Models/Product.long","version":2},"contentChanges":[{"text":"namespace App.Models\n\npublic class Product {\n    private id int\n    private name string\n    private price float\n    \n    public function __construct(id: int, name: string, price: float) {\n        this.id = id\n        this.name = name\n        this.price = price\n    }\n    \n    public function getId() int {\n        return this.id\n    }\n    \n    public function getName() string {\n        return this.name\n    }\n    \n    public function getPrice() float {\n        return this.price\n    }\n    \n    public static function setPrice() {\n\n    }\n}\n\n\n"}]}}
Handling method: textDocument/didChange
Document changed: file:///D:/workspace/go/src/longlang/project/src/Models/Product.long
Sending: {"jsonrpc":"2.0","method":"textDocument/publishDiagnostics","params":{"uri":"file:///D:/workspace/go/src/longlang/project/src/Models/Product.long","diagnostics":[]}}
Received: {"jsonrpc":"2.0","method":"textDocument/didChange","params":{"textDocument":{"uri":"file:///D:/workspace/go/src/longlang/project/src/Models/Product.long","version":3},"contentChanges":[{"text":"namespace App.Models\n\npublic class Product {\n    private id int\n    private name string\n    private price float\n    \n    public function __construct(id: int, name: string, price: float) {\n        this.id = id\n        this.name = name\n        this.price = price\n    }\n    \n    public function getId() int {\n        return this.id\n    }\n    \n    public function getName() string {\n        return this.name\n    }\n    \n    public  getPrice() float {\n        return this.price\n    }\n    \n    public static function setPrice() {\n\n    }\n}\n\n\n"}]}}
Handling method: textDocument/didChange
Document changed: file:///D:/workspace/go/src/longlang/project/src/Models/Product.long
Sending: {"jsonrpc":"2.0","method":"textDocument/publishDiagnostics","params":{"uri":"file:///D:/workspace/go/src/longlang/project/src/Models/Product.long","diagnostics":[]}}
Received: {"jsonrpc":"2.0","method":"textDocument/didChange","params":{"textDocument":{"uri":"file:///D:/workspace/go/src/longlang/project/src/Models/Product.long","version":4},"contentChanges":[{"text":"namespace App.Models\n\npublic class Product {\n    private id int\n    private name string\n    private price float\n    \n    public function __construct(id: int, name: string, price: float) {\n        this.id = id\n        this.name = name\n        this.price = price\n    }\n    \n    public function getId() int {\n        return this.id\n    }\n    \n    public function getName() string {\n        return this.name\n    }\n    \n    public function getPrice() float {\n        return this.price\n    }\n    \n    public static function setPrice() {\n\n    }\n}\n\n\n"}]}}
Handling method: textDocument/didChange
Document changed: file:///D:/workspace/go/src/longlang/project/src/Models/Product.long
Sending: {"jsonrpc":"2.0","method":"textDocument/publishDiagnostics","params":{"uri":"file:///D:/workspace/go/src/longlang/project/src/Models/Product.long","diagnostics":[]}}
Received: {"jsonrpc":"2.0","method":"textDocument/didChange","params":{"textDocument":{"uri":"file:///D:/workspace/go/src/longlang/project/src/Models/Product.long","version":5},"contentChanges":[{"text":"namespace App.Models\n\npublic class Product {\n    private id int\n    private name string\n    private price float\n    \n    public function __construct(id: int, name: string, price: float) {\n        this.id = id\n        this.name = name\n        this.price = price\n    }\n    \n    public function getId() int {\n        return this.id\n    }\n    \n    public function getName() string {\n        return this.name\n    }\n    \n    public  getPrice() float {\n        return this.price\n    }\n    \n    public static function setPrice() {\n\n    }\n}\n\n\n"}]}}
Handling method: textDocument/didChange
Document changed: file:///D:/workspace/go/src/longlang/project/src/Models/Product.long
Sending: {"jsonrpc":"2.0","method":"textDocument/publishDiagnostics","params":{"uri":"file:///D:/workspace/go/src/longlang/project/src/Models/Product.long","diagnostics":[]}}
Received: {"jsonrpc":"2.0","method":"textDocument/didChange","params":{"textDocument":{"uri":"file:///D:/workspace/go/src/longlang/project/src/Models/Product.long","version":6},"contentChanges":[{"text":"namespace App.Models\n\npublic class Product {\n    private id int\n    private name string\n    private price float\n    \n    public function __construct(id: int, name: string, price: float) {\n        this.id = id\n        this.name = name\n        this.price = price\n    }\n    \n    public function getId() int {\n        return this.id\n    }\n    \n    public function getName() string {\n        return this.name\n    }\n    \n    public function getPrice() float {\n        return this.price\n    }\n    \n    public static function setPrice() {\n\n    }\n}\n\n\n"}]}}
Handling method: textDocument/didChange
Document changed: file:///D:/workspace/go/src/longlang/project/src/Models/Product.long
Sending: {"jsonrpc":"2.0","method":"textDocument/publishDiagnostics","params":{"uri":"file:///D:/workspace/go/src/longlang/project/src/Models/Product.long","diagnostics":[]}}
Received: {"jsonrpc":"2.0","method":"textDocument/didClose","params":{"textDocument":{"uri":"file:///D:/workspace/go/src/longlang/project/src/Models/Product.long"}}}
Handling method: textDocument/didClose
Document closed: file:///D:/workspace/go/src/longlang/project/src/Models/Product.long
Sending: {"jsonrpc":"2.0","method":"textDocument/publishDiagnostics","params":{"uri":"file:///D:/workspace/go/src/longlang/project/src/Models/Product.long","diagnostics":[]}}
Received: {"jsonrpc":"2.0","id":2,"method":"shutdown"}
Handling method: shutdown
Shutdown requested
Sending: {"jsonrpc":"2.0","id":2}
Received: {"jsonrpc":"2.0","method":"exit"}
Handling method: exit
